<?xml version="1.0" encoding="utf-8"?>
<!DOCTYPE coverage SYSTEM "http://cobertura.sourceforge.net/xml/coverage-04.dtd">
<coverage line-rate="0.9961977186311787" branch-rate="1" lines-covered="262" lines-valid="263" branches-covered="0" branches-valid="0" complexity="78" version="0" timestamp="1647447493">
  <sources>
    <source>C:\Users\p.terzis\</source>
  </sources>
  <packages>
    <package name="BDDExercise" line-rate="0.9961977186311787" branch-rate="1" complexity="78">
      <classes>
        <class name="AutoGeneratedProgram" filename="C:\Users\p.terzis\.nuget\packages\microsoft.net.test.sdk\17.0.0\build\netcoreapp2.1\Microsoft.NET.Test.Sdk.Program.cs" line-rate="0" branch-rate="1" complexity="1">
          <methods>
            <method name="Main" signature="(...)" line-rate="0" branch-rate="1" complexity="1">
              <lines>
                <line number="4" hits="0" branch="false" />
              </lines>
            </method>
          </methods>
          <lines>
            <line number="4" hits="0" branch="false" />
          </lines>
        </class>
        <class name="BDDExercise.Models.HomePage" filename="C:\Users\p.terzis\source\repos\BDDExercise\BDDExercise\Models\HomePage.cs" line-rate="1" branch-rate="1" complexity="10">
          <methods>
            <method name="get_Page" signature="()" line-rate="1" branch-rate="1" complexity="1">
              <lines>
                <line number="13" hits="110" branch="false" />
              </lines>
            </method>
            <method name="get_BrowserContext" signature="()" line-rate="1" branch-rate="1" complexity="1">
              <lines>
                <line number="14" hits="6" branch="false" />
              </lines>
            </method>
            <method name="get_Browser" signature="()" line-rate="1" branch-rate="1" complexity="1">
              <lines>
                <line number="15" hits="21" branch="false" />
              </lines>
            </method>
            <method name=".ctor" signature="(...)" line-rate="1" branch-rate="1" complexity="1">
              <lines>
                <line number="12" hits="12" branch="false" />
                <line number="13" hits="110" branch="false" />
                <line number="14" hits="6" branch="false" />
                <line number="15" hits="21" branch="false" />
                <line number="17" hits="12" branch="false" />
                <line number="18" hits="12" branch="false" />
                <line number="19" hits="12" branch="false" />
                <line number="20" hits="12" branch="false" />
              </lines>
            </method>
            <method name="ClickLoginButton" signature="()" line-rate="1" branch-rate="1" complexity="1">
              <lines>
                <line number="62" hits="5" branch="false" />
                <line number="63" hits="5" branch="false" />
                <line number="64" hits="5" branch="false" />
              </lines>
            </method>
            <method name="NavigateToHomePage" signature="()" line-rate="1" branch-rate="1" complexity="1">
              <lines>
                <line number="33" hits="9" branch="false" />
                <line number="39" hits="9" branch="false" />
                <line number="40" hits="9" branch="false" />
                <line number="42" hits="9" branch="false" />
                <line number="43" hits="9" branch="false" />
                <line number="44" hits="9" branch="false" />
                <line number="45" hits="9" branch="false" />
                <line number="46" hits="9" branch="false" />
                <line number="47" hits="9" branch="false" />
              </lines>
            </method>
            <method name="SetPassword" signature="()" line-rate="1" branch-rate="1" complexity="1">
              <lines>
                <line number="56" hits="1" branch="false" />
                <line number="57" hits="1" branch="false" />
                <line number="58" hits="1" branch="false" />
                <line number="59" hits="1" branch="false" />
              </lines>
            </method>
            <method name="SetUsername" signature="()" line-rate="1" branch-rate="1" complexity="1">
              <lines>
                <line number="50" hits="10" branch="false" />
                <line number="51" hits="10" branch="false" />
                <line number="52" hits="9" branch="false" />
                <line number="53" hits="9" branch="false" />
              </lines>
            </method>
            <method name="VerifyLoginIsUnsuccessful" signature="()" line-rate="1" branch-rate="1" complexity="1">
              <lines>
                <line number="72" hits="4" branch="false" />
                <line number="73" hits="4" branch="false" />
                <line number="74" hits="3" branch="false" />
              </lines>
            </method>
            <method name="VerifySuccessfulLogin" signature="()" line-rate="1" branch-rate="1" complexity="1">
              <lines>
                <line number="67" hits="1" branch="false" />
                <line number="68" hits="1" branch="false" />
                <line number="69" hits="1" branch="false" />
              </lines>
            </method>
          </methods>
          <lines>
            <line number="12" hits="12" branch="false" />
            <line number="13" hits="110" branch="false" />
            <line number="14" hits="6" branch="false" />
            <line number="15" hits="21" branch="false" />
            <line number="17" hits="12" branch="false" />
            <line number="18" hits="12" branch="false" />
            <line number="19" hits="12" branch="false" />
            <line number="20" hits="12" branch="false" />
            <line number="33" hits="9" branch="false" />
            <line number="39" hits="9" branch="false" />
            <line number="40" hits="9" branch="false" />
            <line number="42" hits="9" branch="false" />
            <line number="43" hits="9" branch="false" />
            <line number="44" hits="9" branch="false" />
            <line number="45" hits="9" branch="false" />
            <line number="46" hits="9" branch="false" />
            <line number="47" hits="9" branch="false" />
            <line number="50" hits="10" branch="false" />
            <line number="51" hits="10" branch="false" />
            <line number="52" hits="9" branch="false" />
            <line number="53" hits="9" branch="false" />
            <line number="56" hits="1" branch="false" />
            <line number="57" hits="1" branch="false" />
            <line number="58" hits="1" branch="false" />
            <line number="59" hits="1" branch="false" />
            <line number="62" hits="5" branch="false" />
            <line number="63" hits="5" branch="false" />
            <line number="64" hits="5" branch="false" />
            <line number="67" hits="1" branch="false" />
            <line number="68" hits="1" branch="false" />
            <line number="69" hits="1" branch="false" />
            <line number="72" hits="4" branch="false" />
            <line number="73" hits="4" branch="false" />
            <line number="74" hits="3" branch="false" />
          </lines>
        </class>
        <class name="BDDExercise.Models.RegistrationPage" filename="C:\Users\p.terzis\source\repos\BDDExercise\BDDExercise\Models\RegistrationPage.cs" line-rate="1" branch-rate="1" complexity="26">
          <methods>
            <method name=".ctor" signature="(...)" line-rate="1" branch-rate="1" complexity="1">
              <lines>
                <line number="12" hits="3" branch="false" />
                <line number="13" hits="3" branch="false" />
                <line number="14" hits="3" branch="false" />
                <line number="15" hits="3" branch="false" />
                <line number="16" hits="3" branch="false" />
              </lines>
            </method>
            <method name="AddressIsRequired" signature="()" line-rate="1" branch-rate="1" complexity="1">
              <lines>
                <line number="112" hits="1" branch="false" />
                <line number="113" hits="1" branch="false" />
                <line number="114" hits="1" branch="false" />
              </lines>
            </method>
            <method name="CityIsRequired" signature="()" line-rate="1" branch-rate="1" complexity="1">
              <lines>
                <line number="117" hits="1" branch="false" />
                <line number="118" hits="1" branch="false" />
                <line number="119" hits="1" branch="false" />
              </lines>
            </method>
            <method name="FirstNameIsRequired" signature="()" line-rate="1" branch-rate="1" complexity="1">
              <lines>
                <line number="102" hits="1" branch="false" />
                <line number="103" hits="1" branch="false" />
                <line number="104" hits="1" branch="false" />
              </lines>
            </method>
            <method name="LastNameIsRequired" signature="()" line-rate="1" branch-rate="1" complexity="1">
              <lines>
                <line number="107" hits="1" branch="false" />
                <line number="108" hits="1" branch="false" />
                <line number="109" hits="1" branch="false" />
              </lines>
            </method>
            <method name="NavigateToRegistrationPage" signature="()" line-rate="1" branch-rate="1" complexity="1">
              <lines>
                <line number="19" hits="3" branch="false" />
                <line number="20" hits="3" branch="false" />
                <line number="21" hits="3" branch="false" />
                <line number="22" hits="3" branch="false" />
                <line number="23" hits="3" branch="false" />
                <line number="24" hits="3" branch="false" />
                <line number="25" hits="3" branch="false" />
                <line number="26" hits="3" branch="false" />
                <line number="28" hits="3" branch="false" />
                <line number="29" hits="3" branch="false" />
              </lines>
            </method>
            <method name="PasswordIsRequired" signature="()" line-rate="1" branch-rate="1" complexity="1">
              <lines>
                <line number="142" hits="1" branch="false" />
                <line number="143" hits="1" branch="false" />
                <line number="144" hits="1" branch="false" />
              </lines>
            </method>
            <method name="RepeatedPasswordIsRequired" signature="()" line-rate="1" branch-rate="1" complexity="1">
              <lines>
                <line number="147" hits="1" branch="false" />
                <line number="148" hits="1" branch="false" />
                <line number="149" hits="1" branch="false" />
              </lines>
            </method>
            <method name="SSNIsRequired" signature="()" line-rate="1" branch-rate="1" complexity="1">
              <lines>
                <line number="132" hits="1" branch="false" />
                <line number="133" hits="1" branch="false" />
                <line number="134" hits="1" branch="false" />
              </lines>
            </method>
            <method name="SetAddress" signature="()" line-rate="1" branch-rate="1" complexity="1">
              <lines>
                <line number="42" hits="2" branch="false" />
                <line number="43" hits="2" branch="false" />
                <line number="44" hits="2" branch="false" />
              </lines>
            </method>
            <method name="SetCity" signature="()" line-rate="1" branch-rate="1" complexity="1">
              <lines>
                <line number="47" hits="2" branch="false" />
                <line number="48" hits="2" branch="false" />
                <line number="49" hits="2" branch="false" />
              </lines>
            </method>
            <method name="SetFirstName" signature="()" line-rate="1" branch-rate="1" complexity="1">
              <lines>
                <line number="32" hits="2" branch="false" />
                <line number="33" hits="2" branch="false" />
                <line number="34" hits="2" branch="false" />
              </lines>
            </method>
            <method name="SetLastName" signature="()" line-rate="1" branch-rate="1" complexity="1">
              <lines>
                <line number="37" hits="2" branch="false" />
                <line number="38" hits="2" branch="false" />
                <line number="39" hits="2" branch="false" />
              </lines>
            </method>
            <method name="SetPassword" signature="()" line-rate="1" branch-rate="1" complexity="1">
              <lines>
                <line number="77" hits="2" branch="false" />
                <line number="78" hits="2" branch="false" />
                <line number="79" hits="2" branch="false" />
              </lines>
            </method>
            <method name="SetPhone" signature="()" line-rate="1" branch-rate="1" complexity="1">
              <lines>
                <line number="62" hits="2" branch="false" />
                <line number="63" hits="2" branch="false" />
                <line number="64" hits="2" branch="false" />
              </lines>
            </method>
            <method name="SetRepeatedPassword" signature="()" line-rate="1" branch-rate="1" complexity="1">
              <lines>
                <line number="82" hits="2" branch="false" />
                <line number="83" hits="2" branch="false" />
                <line number="84" hits="2" branch="false" />
              </lines>
            </method>
            <method name="SetSSN" signature="()" line-rate="1" branch-rate="1" complexity="1">
              <lines>
                <line number="67" hits="2" branch="false" />
                <line number="68" hits="2" branch="false" />
                <line number="69" hits="2" branch="false" />
              </lines>
            </method>
            <method name="SetState" signature="()" line-rate="1" branch-rate="1" complexity="1">
              <lines>
                <line number="52" hits="2" branch="false" />
                <line number="53" hits="2" branch="false" />
                <line number="54" hits="2" branch="false" />
              </lines>
            </method>
            <method name="SetUsername" signature="()" line-rate="1" branch-rate="1" complexity="1">
              <lines>
                <line number="72" hits="2" branch="false" />
                <line number="73" hits="2" branch="false" />
                <line number="74" hits="2" branch="false" />
              </lines>
            </method>
            <method name="SetZipCode" signature="()" line-rate="1" branch-rate="1" complexity="1">
              <lines>
                <line number="57" hits="2" branch="false" />
                <line number="58" hits="2" branch="false" />
                <line number="59" hits="2" branch="false" />
              </lines>
            </method>
            <method name="StateIsRequired" signature="()" line-rate="1" branch-rate="1" complexity="1">
              <lines>
                <line number="122" hits="1" branch="false" />
                <line number="123" hits="1" branch="false" />
                <line number="124" hits="1" branch="false" />
              </lines>
            </method>
            <method name="SubmitRegistration" signature="()" line-rate="1" branch-rate="1" complexity="1">
              <lines>
                <line number="87" hits="3" branch="false" />
                <line number="88" hits="3" branch="false" />
                <line number="89" hits="3" branch="false" />
              </lines>
            </method>
            <method name="UsernameIsRequired" signature="()" line-rate="1" branch-rate="1" complexity="1">
              <lines>
                <line number="137" hits="1" branch="false" />
                <line number="138" hits="1" branch="false" />
                <line number="139" hits="1" branch="false" />
              </lines>
            </method>
            <method name="VerifyAlreadyRegistered" signature="()" line-rate="1" branch-rate="1" complexity="1">
              <lines>
                <line number="97" hits="1" branch="false" />
                <line number="98" hits="1" branch="false" />
                <line number="99" hits="1" branch="false" />
              </lines>
            </method>
            <method name="VerifyRegistration" signature="()" line-rate="1" branch-rate="1" complexity="1">
              <lines>
                <line number="92" hits="1" branch="false" />
                <line number="93" hits="1" branch="false" />
                <line number="94" hits="1" branch="false" />
              </lines>
            </method>
            <method name="ZipCodeIsRequired" signature="()" line-rate="1" branch-rate="1" complexity="1">
              <lines>
                <line number="127" hits="1" branch="false" />
                <line number="128" hits="1" branch="false" />
                <line number="129" hits="1" branch="false" />
              </lines>
            </method>
          </methods>
          <lines>
            <line number="12" hits="3" branch="false" />
            <line number="13" hits="3" branch="false" />
            <line number="14" hits="3" branch="false" />
            <line number="15" hits="3" branch="false" />
            <line number="16" hits="3" branch="false" />
            <line number="19" hits="3" branch="false" />
            <line number="20" hits="3" branch="false" />
            <line number="21" hits="3" branch="false" />
            <line number="22" hits="3" branch="false" />
            <line number="23" hits="3" branch="false" />
            <line number="24" hits="3" branch="false" />
            <line number="25" hits="3" branch="false" />
            <line number="26" hits="3" branch="false" />
            <line number="28" hits="3" branch="false" />
            <line number="29" hits="3" branch="false" />
            <line number="32" hits="2" branch="false" />
            <line number="33" hits="2" branch="false" />
            <line number="34" hits="2" branch="false" />
            <line number="37" hits="2" branch="false" />
            <line number="38" hits="2" branch="false" />
            <line number="39" hits="2" branch="false" />
            <line number="42" hits="2" branch="false" />
            <line number="43" hits="2" branch="false" />
            <line number="44" hits="2" branch="false" />
            <line number="47" hits="2" branch="false" />
            <line number="48" hits="2" branch="false" />
            <line number="49" hits="2" branch="false" />
            <line number="52" hits="2" branch="false" />
            <line number="53" hits="2" branch="false" />
            <line number="54" hits="2" branch="false" />
            <line number="57" hits="2" branch="false" />
            <line number="58" hits="2" branch="false" />
            <line number="59" hits="2" branch="false" />
            <line number="62" hits="2" branch="false" />
            <line number="63" hits="2" branch="false" />
            <line number="64" hits="2" branch="false" />
            <line number="67" hits="2" branch="false" />
            <line number="68" hits="2" branch="false" />
            <line number="69" hits="2" branch="false" />
            <line number="72" hits="2" branch="false" />
            <line number="73" hits="2" branch="false" />
            <line number="74" hits="2" branch="false" />
            <line number="77" hits="2" branch="false" />
            <line number="78" hits="2" branch="false" />
            <line number="79" hits="2" branch="false" />
            <line number="82" hits="2" branch="false" />
            <line number="83" hits="2" branch="false" />
            <line number="84" hits="2" branch="false" />
            <line number="87" hits="3" branch="false" />
            <line number="88" hits="3" branch="false" />
            <line number="89" hits="3" branch="false" />
            <line number="92" hits="1" branch="false" />
            <line number="93" hits="1" branch="false" />
            <line number="94" hits="1" branch="false" />
            <line number="97" hits="1" branch="false" />
            <line number="98" hits="1" branch="false" />
            <line number="99" hits="1" branch="false" />
            <line number="102" hits="1" branch="false" />
            <line number="103" hits="1" branch="false" />
            <line number="104" hits="1" branch="false" />
            <line number="107" hits="1" branch="false" />
            <line number="108" hits="1" branch="false" />
            <line number="109" hits="1" branch="false" />
            <line number="112" hits="1" branch="false" />
            <line number="113" hits="1" branch="false" />
            <line number="114" hits="1" branch="false" />
            <line number="117" hits="1" branch="false" />
            <line number="118" hits="1" branch="false" />
            <line number="119" hits="1" branch="false" />
            <line number="122" hits="1" branch="false" />
            <line number="123" hits="1" branch="false" />
            <line number="124" hits="1" branch="false" />
            <line number="127" hits="1" branch="false" />
            <line number="128" hits="1" branch="false" />
            <line number="129" hits="1" branch="false" />
            <line number="132" hits="1" branch="false" />
            <line number="133" hits="1" branch="false" />
            <line number="134" hits="1" branch="false" />
            <line number="137" hits="1" branch="false" />
            <line number="138" hits="1" branch="false" />
            <line number="139" hits="1" branch="false" />
            <line number="142" hits="1" branch="false" />
            <line number="143" hits="1" branch="false" />
            <line number="144" hits="1" branch="false" />
            <line number="147" hits="1" branch="false" />
            <line number="148" hits="1" branch="false" />
            <line number="149" hits="1" branch="false" />
          </lines>
        </class>
        <class name="BDDExercise.Models.TestHooks" filename="C:\Users\p.terzis\source\repos\BDDExercise\BDDExercise\Models\TestHooks.cs" line-rate="1" branch-rate="1" complexity="2">
          <methods>
            <method name="AfterScenario" signature="()" line-rate="1" branch-rate="1" complexity="1">
              <lines>
                <line number="30" hits="9" branch="false" />
                <line number="31" hits="9" branch="false" />
                <line number="32" hits="9" branch="false" />
                <line number="33" hits="9" branch="false" />
                <line number="34" hits="9" branch="false" />
                <line number="35" hits="9" branch="false" />
              </lines>
            </method>
            <method name="BeforeScenario" signature="()" line-rate="1" branch-rate="1" complexity="1">
              <lines>
                <line number="16" hits="9" branch="false" />
                <line number="17" hits="9" branch="false" />
                <line number="18" hits="9" branch="false" />
                <line number="19" hits="9" branch="false" />
                <line number="20" hits="9" branch="false" />
                <line number="21" hits="9" branch="false" />
                <line number="22" hits="9" branch="false" />
                <line number="23" hits="9" branch="false" />
                <line number="24" hits="9" branch="false" />
                <line number="25" hits="9" branch="false" />
                <line number="26" hits="9" branch="false" />
              </lines>
            </method>
          </methods>
          <lines>
            <line number="16" hits="9" branch="false" />
            <line number="17" hits="9" branch="false" />
            <line number="18" hits="9" branch="false" />
            <line number="19" hits="9" branch="false" />
            <line number="20" hits="9" branch="false" />
            <line number="21" hits="9" branch="false" />
            <line number="22" hits="9" branch="false" />
            <line number="23" hits="9" branch="false" />
            <line number="24" hits="9" branch="false" />
            <line number="25" hits="9" branch="false" />
            <line number="26" hits="9" branch="false" />
            <line number="30" hits="9" branch="false" />
            <line number="31" hits="9" branch="false" />
            <line number="32" hits="9" branch="false" />
            <line number="33" hits="9" branch="false" />
            <line number="34" hits="9" branch="false" />
            <line number="35" hits="9" branch="false" />
          </lines>
        </class>
        <class name="BDDExercise.StepDefinitions.LoginSpecsStepDefinitions" filename="C:\Users\p.terzis\source\repos\BDDExercise\BDDExercise\StepDefinitions\LoginSpecsStepDefinitions.cs" line-rate="1" branch-rate="1" complexity="8">
          <methods>
            <method name=".ctor" signature="(...)" line-rate="1" branch-rate="1" complexity="1">
              <lines>
                <line number="14" hits="9" branch="false" />
                <line number="15" hits="9" branch="false" />
                <line number="16" hits="9" branch="false" />
                <line number="17" hits="9" branch="false" />
              </lines>
            </method>
            <method name="GivenUserIsNavigatedToHomePage" signature="()" line-rate="1" branch-rate="1" complexity="1">
              <lines>
                <line number="21" hits="9" branch="false" />
                <line number="22" hits="9" branch="false" />
                <line number="24" hits="9" branch="false" />
              </lines>
            </method>
            <method name="ThenUserIsNotLoggedIn" signature="()" line-rate="1" branch-rate="1" complexity="1">
              <lines>
                <line number="60" hits="4" branch="false" />
                <line number="61" hits="4" branch="false" />
                <line number="62" hits="3" branch="false" />
              </lines>
            </method>
            <method name="ThenUserIsSuccessfullyLoggedIn" signature="()" line-rate="1" branch-rate="1" complexity="1">
              <lines>
                <line number="36" hits="1" branch="false" />
                <line number="37" hits="1" branch="false" />
                <line number="38" hits="1" branch="false" />
              </lines>
            </method>
            <method name="WhenUserProvidesLoginPassword" signature="()" line-rate="1" branch-rate="1" complexity="1">
              <lines>
                <line number="48" hits="4" branch="false" />
                <line number="49" hits="4" branch="false" />
                <line number="50" hits="4" branch="false" />
              </lines>
            </method>
            <method name="WhenUserProvidesLoginUsername" signature="()" line-rate="1" branch-rate="1" complexity="1">
              <lines>
                <line number="42" hits="5" branch="false" />
                <line number="43" hits="5" branch="false" />
                <line number="44" hits="4" branch="false" />
              </lines>
            </method>
            <method name="WhenUserProvidesValidCredentials" signature="()" line-rate="1" branch-rate="1" complexity="1">
              <lines>
                <line number="28" hits="1" branch="false" />
                <line number="29" hits="1" branch="false" />
                <line number="30" hits="1" branch="false" />
                <line number="31" hits="1" branch="false" />
                <line number="32" hits="1" branch="false" />
              </lines>
            </method>
            <method name="WhenUserSubmitsLogin" signature="()" line-rate="1" branch-rate="1" complexity="1">
              <lines>
                <line number="54" hits="4" branch="false" />
                <line number="55" hits="4" branch="false" />
                <line number="56" hits="4" branch="false" />
              </lines>
            </method>
          </methods>
          <lines>
            <line number="14" hits="9" branch="false" />
            <line number="15" hits="9" branch="false" />
            <line number="16" hits="9" branch="false" />
            <line number="17" hits="9" branch="false" />
            <line number="21" hits="9" branch="false" />
            <line number="22" hits="9" branch="false" />
            <line number="24" hits="9" branch="false" />
            <line number="28" hits="1" branch="false" />
            <line number="29" hits="1" branch="false" />
            <line number="30" hits="1" branch="false" />
            <line number="31" hits="1" branch="false" />
            <line number="32" hits="1" branch="false" />
            <line number="36" hits="1" branch="false" />
            <line number="37" hits="1" branch="false" />
            <line number="38" hits="1" branch="false" />
            <line number="42" hits="5" branch="false" />
            <line number="43" hits="5" branch="false" />
            <line number="44" hits="4" branch="false" />
            <line number="48" hits="4" branch="false" />
            <line number="49" hits="4" branch="false" />
            <line number="50" hits="4" branch="false" />
            <line number="54" hits="4" branch="false" />
            <line number="55" hits="4" branch="false" />
            <line number="56" hits="4" branch="false" />
            <line number="60" hits="4" branch="false" />
            <line number="61" hits="4" branch="false" />
            <line number="62" hits="3" branch="false" />
          </lines>
        </class>
        <class name="BDDExercise.StepDefinitions.RegistrationSpecsStepDefinitions" filename="C:\Users\p.terzis\source\repos\BDDExercise\BDDExercise\StepDefinitions\RegistrationSpecsStepDefinitions.cs" line-rate="1" branch-rate="1" complexity="31">
          <methods>
            <method name="get_Password" signature="()" line-rate="1" branch-rate="1" complexity="1">
              <lines>
                <line number="22" hits="2" branch="false" />
              </lines>
            </method>
            <method name="RandomString" signature="(...)" line-rate="1" branch-rate="1" complexity="1">
              <lines>
                <line number="25" hits="2" branch="false" />
                <line number="26" hits="2" branch="false" />
                <line number="28" hits="2" branch="false" />
                <line number="29" hits="12" branch="false" />
                <line number="30" hits="2" branch="false" />
              </lines>
            </method>
            <method name=".ctor" signature="(...)" line-rate="1" branch-rate="1" complexity="1">
              <lines>
                <line number="17" hits="3" branch="false" />
                <line number="18" hits="3" branch="false" />
                <line number="19" hits="3" branch="false" />
                <line number="20" hits="3" branch="false" />
              </lines>
            </method>
            <method name="GivenUserIsNavigatedToRegistrationPage" signature="()" line-rate="1" branch-rate="1" complexity="1">
              <lines>
                <line number="34" hits="3" branch="false" />
                <line number="35" hits="3" branch="false" />
                <line number="37" hits="3" branch="false" />
              </lines>
            </method>
            <method name="ThenAddressIsRequired" signature="()" line-rate="1" branch-rate="1" complexity="1">
              <lines>
                <line number="160" hits="1" branch="false" />
                <line number="161" hits="1" branch="false" />
                <line number="162" hits="1" branch="false" />
              </lines>
            </method>
            <method name="ThenCityIsRequired" signature="()" line-rate="1" branch-rate="1" complexity="1">
              <lines>
                <line number="166" hits="1" branch="false" />
                <line number="167" hits="1" branch="false" />
                <line number="168" hits="1" branch="false" />
              </lines>
            </method>
            <method name="ThenFirstNameIsRequired" signature="()" line-rate="1" branch-rate="1" complexity="1">
              <lines>
                <line number="148" hits="1" branch="false" />
                <line number="149" hits="1" branch="false" />
                <line number="150" hits="1" branch="false" />
              </lines>
            </method>
            <method name="ThenLastNameIsRequired" signature="()" line-rate="1" branch-rate="1" complexity="1">
              <lines>
                <line number="154" hits="1" branch="false" />
                <line number="155" hits="1" branch="false" />
                <line number="156" hits="1" branch="false" />
              </lines>
            </method>
            <method name="ThenPasswordIsRequired" signature="()" line-rate="1" branch-rate="1" complexity="1">
              <lines>
                <line number="196" hits="1" branch="false" />
                <line number="197" hits="1" branch="false" />
                <line number="198" hits="1" branch="false" />
              </lines>
            </method>
            <method name="ThenRepeatedPasswordIsRequired" signature="()" line-rate="1" branch-rate="1" complexity="1">
              <lines>
                <line number="202" hits="1" branch="false" />
                <line number="203" hits="1" branch="false" />
                <line number="204" hits="1" branch="false" />
              </lines>
            </method>
            <method name="ThenSSNIsRequired" signature="()" line-rate="1" branch-rate="1" complexity="1">
              <lines>
                <line number="184" hits="1" branch="false" />
                <line number="185" hits="1" branch="false" />
                <line number="186" hits="1" branch="false" />
              </lines>
            </method>
            <method name="ThenStateIsRequired" signature="()" line-rate="1" branch-rate="1" complexity="1">
              <lines>
                <line number="172" hits="1" branch="false" />
                <line number="173" hits="1" branch="false" />
                <line number="174" hits="1" branch="false" />
              </lines>
            </method>
            <method name="ThenUserIsAlreadyRegistered" signature="()" line-rate="1" branch-rate="1" complexity="1">
              <lines>
                <line number="142" hits="1" branch="false" />
                <line number="143" hits="1" branch="false" />
                <line number="144" hits="1" branch="false" />
              </lines>
            </method>
            <method name="ThenUserIsRegisteredSuccessfully" signature="()" line-rate="1" branch-rate="1" complexity="1">
              <lines>
                <line number="136" hits="1" branch="false" />
                <line number="137" hits="1" branch="false" />
                <line number="138" hits="1" branch="false" />
              </lines>
            </method>
            <method name="ThenUsernameIsRequired" signature="()" line-rate="1" branch-rate="1" complexity="1">
              <lines>
                <line number="190" hits="1" branch="false" />
                <line number="191" hits="1" branch="false" />
                <line number="192" hits="1" branch="false" />
              </lines>
            </method>
            <method name="ThenZipCodeIsRequired" signature="()" line-rate="1" branch-rate="1" complexity="1">
              <lines>
                <line number="178" hits="1" branch="false" />
                <line number="179" hits="1" branch="false" />
                <line number="180" hits="1" branch="false" />
              </lines>
            </method>
            <method name="WhenUserProvidesAddress" signature="()" line-rate="1" branch-rate="1" complexity="1">
              <lines>
                <line number="54" hits="2" branch="false" />
                <line number="55" hits="2" branch="false" />
                <line number="56" hits="2" branch="false" />
              </lines>
            </method>
            <method name="WhenUserProvidesCity" signature="()" line-rate="1" branch-rate="1" complexity="1">
              <lines>
                <line number="60" hits="2" branch="false" />
                <line number="61" hits="2" branch="false" />
                <line number="62" hits="2" branch="false" />
              </lines>
            </method>
            <method name="WhenUserProvidesFirstName" signature="()" line-rate="1" branch-rate="1" complexity="1">
              <lines>
                <line number="41" hits="2" branch="false" />
                <line number="43" hits="2" branch="false" />
                <line number="44" hits="2" branch="false" />
              </lines>
            </method>
            <method name="WhenUserProvidesLastName" signature="()" line-rate="1" branch-rate="1" complexity="1">
              <lines>
                <line number="48" hits="2" branch="false" />
                <line number="49" hits="2" branch="false" />
                <line number="50" hits="2" branch="false" />
              </lines>
            </method>
            <method name="WhenUserProvidesPassword" signature="()" line-rate="1" branch-rate="1" complexity="1">
              <lines>
                <line number="118" hits="1" branch="false" />
                <line number="119" hits="1" branch="false" />
                <line number="120" hits="1" branch="false" />
              </lines>
            </method>
            <method name="WhenUserProvidesPhone" signature="()" line-rate="1" branch-rate="1" complexity="1">
              <lines>
                <line number="78" hits="2" branch="false" />
                <line number="79" hits="2" branch="false" />
                <line number="80" hits="2" branch="false" />
              </lines>
            </method>
            <method name="WhenUserProvidesRandomPassword" signature="()" line-rate="1" branch-rate="1" complexity="1">
              <lines>
                <line number="97" hits="1" branch="false" />
                <line number="98" hits="1" branch="false" />
                <line number="99" hits="1" branch="false" />
                <line number="101" hits="1" branch="false" />
                <line number="102" hits="1" branch="false" />
              </lines>
            </method>
            <method name="WhenUserProvidesRandomRepeatedPassword" signature="()" line-rate="1" branch-rate="1" complexity="1">
              <lines>
                <line number="106" hits="1" branch="false" />
                <line number="107" hits="1" branch="false" />
                <line number="108" hits="1" branch="false" />
              </lines>
            </method>
            <method name="WhenUserProvidesRandomUsername" signature="()" line-rate="1" branch-rate="1" complexity="1">
              <lines>
                <line number="90" hits="1" branch="false" />
                <line number="91" hits="1" branch="false" />
                <line number="92" hits="1" branch="false" />
                <line number="93" hits="1" branch="false" />
              </lines>
            </method>
            <method name="WhenUserProvidesRepeatedPassword" signature="()" line-rate="1" branch-rate="1" complexity="1">
              <lines>
                <line number="124" hits="1" branch="false" />
                <line number="125" hits="1" branch="false" />
                <line number="126" hits="1" branch="false" />
              </lines>
            </method>
            <method name="WhenUserProvidesSSN" signature="()" line-rate="1" branch-rate="1" complexity="1">
              <lines>
                <line number="84" hits="2" branch="false" />
                <line number="85" hits="2" branch="false" />
                <line number="86" hits="2" branch="false" />
              </lines>
            </method>
            <method name="WhenUserProvidesState" signature="()" line-rate="1" branch-rate="1" complexity="1">
              <lines>
                <line number="66" hits="2" branch="false" />
                <line number="67" hits="2" branch="false" />
                <line number="68" hits="2" branch="false" />
              </lines>
            </method>
            <method name="WhenUserProvidesUsername" signature="()" line-rate="1" branch-rate="1" complexity="1">
              <lines>
                <line number="112" hits="1" branch="false" />
                <line number="113" hits="1" branch="false" />
                <line number="114" hits="1" branch="false" />
              </lines>
            </method>
            <method name="WhenUserProvidesZipCode" signature="()" line-rate="1" branch-rate="1" complexity="1">
              <lines>
                <line number="72" hits="2" branch="false" />
                <line number="73" hits="2" branch="false" />
                <line number="74" hits="2" branch="false" />
              </lines>
            </method>
            <method name="WhenUserSubmitsRegistrationForm" signature="()" line-rate="1" branch-rate="1" complexity="1">
              <lines>
                <line number="130" hits="3" branch="false" />
                <line number="131" hits="3" branch="false" />
                <line number="132" hits="3" branch="false" />
              </lines>
            </method>
          </methods>
          <lines>
            <line number="17" hits="3" branch="false" />
            <line number="18" hits="3" branch="false" />
            <line number="19" hits="3" branch="false" />
            <line number="20" hits="3" branch="false" />
            <line number="22" hits="2" branch="false" />
            <line number="25" hits="2" branch="false" />
            <line number="26" hits="2" branch="false" />
            <line number="28" hits="2" branch="false" />
            <line number="29" hits="12" branch="false" />
            <line number="30" hits="2" branch="false" />
            <line number="34" hits="3" branch="false" />
            <line number="35" hits="3" branch="false" />
            <line number="37" hits="3" branch="false" />
            <line number="41" hits="2" branch="false" />
            <line number="43" hits="2" branch="false" />
            <line number="44" hits="2" branch="false" />
            <line number="48" hits="2" branch="false" />
            <line number="49" hits="2" branch="false" />
            <line number="50" hits="2" branch="false" />
            <line number="54" hits="2" branch="false" />
            <line number="55" hits="2" branch="false" />
            <line number="56" hits="2" branch="false" />
            <line number="60" hits="2" branch="false" />
            <line number="61" hits="2" branch="false" />
            <line number="62" hits="2" branch="false" />
            <line number="66" hits="2" branch="false" />
            <line number="67" hits="2" branch="false" />
            <line number="68" hits="2" branch="false" />
            <line number="72" hits="2" branch="false" />
            <line number="73" hits="2" branch="false" />
            <line number="74" hits="2" branch="false" />
            <line number="78" hits="2" branch="false" />
            <line number="79" hits="2" branch="false" />
            <line number="80" hits="2" branch="false" />
            <line number="84" hits="2" branch="false" />
            <line number="85" hits="2" branch="false" />
            <line number="86" hits="2" branch="false" />
            <line number="90" hits="1" branch="false" />
            <line number="91" hits="1" branch="false" />
            <line number="92" hits="1" branch="false" />
            <line number="93" hits="1" branch="false" />
            <line number="97" hits="1" branch="false" />
            <line number="98" hits="1" branch="false" />
            <line number="99" hits="1" branch="false" />
            <line number="101" hits="1" branch="false" />
            <line number="102" hits="1" branch="false" />
            <line number="106" hits="1" branch="false" />
            <line number="107" hits="1" branch="false" />
            <line number="108" hits="1" branch="false" />
            <line number="112" hits="1" branch="false" />
            <line number="113" hits="1" branch="false" />
            <line number="114" hits="1" branch="false" />
            <line number="118" hits="1" branch="false" />
            <line number="119" hits="1" branch="false" />
            <line number="120" hits="1" branch="false" />
            <line number="124" hits="1" branch="false" />
            <line number="125" hits="1" branch="false" />
            <line number="126" hits="1" branch="false" />
            <line number="130" hits="3" branch="false" />
            <line number="131" hits="3" branch="false" />
            <line number="132" hits="3" branch="false" />
            <line number="136" hits="1" branch="false" />
            <line number="137" hits="1" branch="false" />
            <line number="138" hits="1" branch="false" />
            <line number="142" hits="1" branch="false" />
            <line number="143" hits="1" branch="false" />
            <line number="144" hits="1" branch="false" />
            <line number="148" hits="1" branch="false" />
            <line number="149" hits="1" branch="false" />
            <line number="150" hits="1" branch="false" />
            <line number="154" hits="1" branch="false" />
            <line number="155" hits="1" branch="false" />
            <line number="156" hits="1" branch="false" />
            <line number="160" hits="1" branch="false" />
            <line number="161" hits="1" branch="false" />
            <line number="162" hits="1" branch="false" />
            <line number="166" hits="1" branch="false" />
            <line number="167" hits="1" branch="false" />
            <line number="168" hits="1" branch="false" />
            <line number="172" hits="1" branch="false" />
            <line number="173" hits="1" branch="false" />
            <line number="174" hits="1" branch="false" />
            <line number="178" hits="1" branch="false" />
            <line number="179" hits="1" branch="false" />
            <line number="180" hits="1" branch="false" />
            <line number="184" hits="1" branch="false" />
            <line number="185" hits="1" branch="false" />
            <line number="186" hits="1" branch="false" />
            <line number="190" hits="1" branch="false" />
            <line number="191" hits="1" branch="false" />
            <line number="192" hits="1" branch="false" />
            <line number="196" hits="1" branch="false" />
            <line number="197" hits="1" branch="false" />
            <line number="198" hits="1" branch="false" />
            <line number="202" hits="1" branch="false" />
            <line number="203" hits="1" branch="false" />
            <line number="204" hits="1" branch="false" />
          </lines>
        </class>
      </classes>
    </package>
  </packages>
</coverage>